<?xml version="1.0" encoding="UTF-8"?>
<!-- Generated by org.testng.reporters.JUnitReportReporter -->
<testsuite hostname="Asplap2656" failures="1" tests="1" name="com.OrangeHRM.testscripts.RecruitmentTestSuite" time="38.126" errors="0" timestamp="2024-01-25T15:20:33 IST" skipped="0">
  <testcase classname="com.OrangeHRM.testscripts.RecruitmentTestSuite" name="TC401" time="38.126">
    <failure message="Failed to type on Username field org.openqa.selenium.TimeoutException: Expected condition failed: waiting for com.OrangeHRM.utils.BrowserActions$2@473cf2b7 (tried for 30 second(s) with 500 milliseconds interval)" type="java.lang.AssertionError">
      <![CDATA[java.lang.AssertionError: Failed to type on Username field org.openqa.selenium.TimeoutException: Expected condition failed: waiting for com.OrangeHRM.utils.BrowserActions$2@473cf2b7 (tried for 30 second(s) with 500 milliseconds interval)
at org.testng.Assert.fail(Assert.java:111)
at com.OrangeHRM.utils.Log.fail(Log.java:624)
at com.OrangeHRM.utils.BrowserActions.type(BrowserActions.java:251)
at com.OrangeHRM.utils.BrowserActions.type(BrowserActions.java:193)
at com.OrangeHRM.pages.LoginPage.enterUsername(LoginPage.java:92)
at com.OrangeHRM.pages.LoginPage.LoginToApplication(LoginPage.java:128)
at com.OrangeHRM.testscripts.RecruitmentTestSuite.TC401(RecruitmentTestSuite.java:57)
at java.base/jdk.internal.reflect.NativeMethodAccessorImpl.invoke0(Native Method)
at java.base/jdk.internal.reflect.NativeMethodAccessorImpl.invoke(NativeMethodAccessorImpl.java:77)
at java.base/jdk.internal.reflect.DelegatingMethodAccessorImpl.invoke(DelegatingMethodAccessorImpl.java:43)
at java.base/java.lang.reflect.Method.invoke(Method.java:568)
at org.testng.internal.invokers.MethodInvocationHelper.invokeMethod(MethodInvocationHelper.java:139)
at org.testng.internal.invokers.TestInvoker.invokeMethod(TestInvoker.java:664)
at org.testng.internal.invokers.TestInvoker.invokeTestMethod(TestInvoker.java:227)
at org.testng.internal.invokers.MethodRunner.runInSequence(MethodRunner.java:50)
at org.testng.internal.invokers.TestInvoker$MethodInvocationAgent.invoke(TestInvoker.java:957)
at org.testng.internal.invokers.TestInvoker.invokeTestMethods(TestInvoker.java:200)
at org.testng.internal.invokers.TestMethodWorker.invokeTestMethods(TestMethodWorker.java:148)
at org.testng.internal.invokers.TestMethodWorker.run(TestMethodWorker.java:128)
at java.base/java.util.concurrent.ThreadPoolExecutor.runWorker(ThreadPoolExecutor.java:1136)
at java.base/java.util.concurrent.ThreadPoolExecutor$Worker.run(ThreadPoolExecutor.java:635)
at java.base/java.lang.Thread.run(Thread.java:833)
]]>
    </failure>
    <system-out>
      <![CDATA[<div class="test-event"> <font color="maroon"> <small> &emsp; &emsp;--- 25 Jan 15:19:46 300 - TestCaseID:: TC401</small> </font> </div>
<div class="test-event"> <font color="maroon"> <small> &emsp; &emsp;--- 25 Jan 15:19:54 749 - <b>8</b> - Driver::initialize::Get - com.OrangeHRM.utils.WebDriverFactory.getDriver(WebDriverFactory.java:767)</small> </font> </div>
<div class="test-event"> <font color="maroon"> <small> &emsp; &emsp;--- 25 Jan 15:19:54 763 - WebDriver session: ChromeDriver: chrome on windows (a0acd2f3fff3dc8fc6ee16f9ac4ca02a)</small> </font> </div>
&emsp;<div class="test-title"> <strong><font size = "3" color = "#000080">Add new candidate and Hire</font> </strong> </div>&emsp;<div><strong>Steps:</strong></div><!-- Report -->&emsp;
<div class="test-event"> <font color="maroon"> <small> &emsp; &emsp;--- 25 Jan 15:19:54 802 - Fetching test data from excel sheet</small> </font> </div>
<!--FAIL-->
<div class="test-result"><br><font color="red"><strong> Failed to type on Username field org.openqa.selenium.TimeoutException: Expected condition failed: waiting for com.OrangeHRM.utils.BrowserActions$2@473cf2b7 (tried for 30 second(s) with 500 milliseconds interval) </strong></font> <a href=".\ScreenShot\TC401_1.png" target="_blank" >[ScreenShot]</a></div>&emsp;
<div class="test-event"> <font color="maroon"> <small> &emsp; &emsp;--- 25 Jan 15:20:32 649 - WebDriver session: ChromeDriver: chrome on windows (a0acd2f3fff3dc8fc6ee16f9ac4ca02a)</small> </font> </div>]]>
    </system-out>
  </testcase> <!-- TC401 -->
  <system-out>
    <![CDATA[<div class="test-event"> <font color="maroon"> <small> &emsp; &emsp;--- 25 Jan 15:19:46 300 - TestCaseID:: TC401</small> </font> </div>
<div class="test-event"> <font color="maroon"> <small> &emsp; &emsp;--- 25 Jan 15:19:54 749 - <b>8</b> - Driver::initialize::Get - com.OrangeHRM.utils.WebDriverFactory.getDriver(WebDriverFactory.java:767)</small> </font> </div>
<div class="test-event"> <font color="maroon"> <small> &emsp; &emsp;--- 25 Jan 15:19:54 763 - WebDriver session: ChromeDriver: chrome on windows (a0acd2f3fff3dc8fc6ee16f9ac4ca02a)</small> </font> </div>
&emsp;<div class="test-title"> <strong><font size = "3" color = "#000080">Add new candidate and Hire</font> </strong> </div>&emsp;<div><strong>Steps:</strong></div><!-- Report -->&emsp;
<div class="test-event"> <font color="maroon"> <small> &emsp; &emsp;--- 25 Jan 15:19:54 802 - Fetching test data from excel sheet</small> </font> </div>
<!--FAIL-->
<div class="test-result"><br><font color="red"><strong> Failed to type on Username field org.openqa.selenium.TimeoutException: Expected condition failed: waiting for com.OrangeHRM.utils.BrowserActions$2@473cf2b7 (tried for 30 second(s) with 500 milliseconds interval) </strong></font> <a href=".\ScreenShot\TC401_1.png" target="_blank" >[ScreenShot]</a></div>&emsp;
<div class="test-event"> <font color="maroon"> <small> &emsp; &emsp;--- 25 Jan 15:20:32 649 - WebDriver session: ChromeDriver: chrome on windows (a0acd2f3fff3dc8fc6ee16f9ac4ca02a)</small> </font> </div>]]>
  </system-out>
</testsuite> <!-- com.OrangeHRM.testscripts.RecruitmentTestSuite -->
